#
# There is insufficient memory for the Java Runtime Environment to continue.
# Native memory allocation (mmap) failed to map 268435456 bytes for G1 virtual space
# Possible reasons:
#   The system is out of physical RAM or swap space
#   The process is running with CompressedOops enabled, and the Java Heap may be blocking the growth of the native heap
# Possible solutions:
#   Reduce memory load on the system
#   Increase physical memory or swap space
#   Check if swap backing store is full
#   Decrease Java heap size (-Xmx/-Xms)
#   Decrease number of Java threads
#   Decrease Java thread stack sizes (-Xss)
#   Set larger code cache with -XX:ReservedCodeCacheSize=
#   JVM is running with Zero Based Compressed Oops mode in which the Java heap is
#     placed in the first 32GB address space. The Java Heap base address is the
#     maximum limit for the native heap growth. Please use -XX:HeapBaseMinAddress
#     to set the Java Heap base and to place the Java Heap above 32GB virtual address.
# This output file may be truncated or incomplete.
#
#  Out of Memory Error (os_windows.cpp:3825), pid=10588, tid=7532
#
# JRE version:  (17.0.10+1) (build )
# Java VM: OpenJDK 64-Bit Server VM (17.0.10+1-b1087.17, mixed mode, sharing, tiered, compressed oops, compressed class ptrs, g1 gc, windows-amd64)
# No core dump will be written. Minidumps are not enabled by default on client versions of Windows
#

---------------  S U M M A R Y ------------

Command Line: com.intellij.util.ReadEnv

Host: Intel(R) Core(TM) i7-8550U CPU @ 1.80GHz, 8 cores, 15G,  Windows 11 , 64 bit Build 22621 (10.0.22621.2506)
Time: Sun Mar  3 23:29:33 2024 Temps universel coordonné elapsed time: 0.051390 seconds (0d 0h 0m 0s)

---------------  T H R E A D  ---------------

Current thread (0x000002cc77e16940):  JavaThread "Unknown thread" [_thread_in_vm, id=7532, stack(0x000000ec9a700000,0x000000ec9a800000)]

Stack: [0x000000ec9a700000,0x000000ec9a800000]
Native frames: (J=compiled Java code, j=interpreted, Vv=VM code, C=native code)
V  [jvm.dll+0x688ac9]
V  [jvm.dll+0x84220a]
V  [jvm.dll+0x843e4e]
V  [jvm.dll+0x8444b3]
V  [jvm.dll+0x24ba8f]
V  [jvm.dll+0x685899]
V  [jvm.dll+0x67a14a]
V  [jvm.dll+0x30c7eb]
V  [jvm.dll+0x313c96]
V  [jvm.dll+0x363a2e]
V  [jvm.dll+0x363c5f]
V  [jvm.dll+0x2e25b8]
V  [jvm.dll+0x2e3524]
V  [jvm.dll+0x812d71]
V  [jvm.dll+0x3718e1]
V  [jvm.dll+0x7f18d6]
V  [jvm.dll+0x3f553f]
V  [jvm.dll+0x3f7171]
C  [jli.dll+0x528f]
C  [ucrtbase.dll+0x29363]
C  [KERNEL32.DLL+0x1257d]
C  [ntdll.dll+0x5aa58]


---------------  P R O C E S S  ---------------

Threads class SMR info:
_java_thread_list=0x00007ffd5da4ef58, length=0, elements={
}

Java Threads: ( => current thread )

Other Threads:
  0x000002cc77e81830 GCTaskThread "GC Thread#0" [stack: 0x000000ec9a800000,0x000000ec9a900000] [id=3792]
  0x000002cc77e925d0 ConcurrentGCThread "G1 Main Marker" [stack: 0x000000ec9a900000,0x000000ec9aa00000] [id=1636]
  0x000002cc77e92ff0 ConcurrentGCThread "G1 Conc#0" [stack: 0x000000ec9aa00000,0x000000ec9ab00000] [id=11108]

[error occurred during error reporting (printing all threads), id 0xc0000005, EXCEPTION_ACCESS_VIOLATION (0xc0000005) at pc=0x00007ffd5d203187]

VM state: not at safepoint (not fully initialized)

VM Mutex/Monitor currently owned by a thread:  ([mutex/lock_event])
[0x000002cc77e11460] Heap_lock - owner thread: 0x000002cc77e16940

Heap address: 0x0000000701a00000, size: 4070 MB, Compressed Oops mode: Zero based, Oop shift amount: 3

CDS archive(s) mapped at: [0x0000000000000000-0x0000000000000000-0x0000000000000000), size 0, SharedBaseAddress: 0x0000000800000000, ArchiveRelocationMode: 1.
Narrow klass base: 0x0000000000000000, Narrow klass shift: 0, Narrow klass range: 0x0

GC Precious Log:
<Empty>

Heap:
 garbage-first heap   total 0K, used 0K [0x0000000701a00000, 0x0000000800000000)
  region size 2048K, 0 young (0K), 0 survivors (0K)
 Metaspace       used 0K, committed 0K, reserved 0K
  class space    used 0K, committed 0K, reserved 0K

Heap Regions: E=young(eden), S=young(survivor), O=old, HS=humongous(starts), HC=humongous(continues), CS=collection set, F=free, OA=open archive, CA=closed archive, TAMS=top-at-mark-start (previous, next)

Card table byte_map: [0x000002cc7c0c0000,0x000002cc7c8c0000] _byte_map_base: 0x000002cc788b3000

Marking Bits (Prev, Next): (CMBitMap*) 0x000002cc77e81e50, (CMBitMap*) 0x000002cc77e81e90
 Prev Bits: [0x000002cc0f000000, 0x000002cc12f98000)
 Next Bits: [0x000002cc12fa0000, 0x000002cc16f38000)

GC Heap History (0 events):
No events

Dll operation events (1 events):
Event: 0.019 Loaded shared library C:\Program Files\JetBrains\PyCharm Community Edition 2023.3.4\jbr\bin\java.dll

Deoptimization events (0 events):
No events

Classes unloaded (0 events):
No events

Classes redefined (0 events):
No events

Internal exceptions (0 events):
No events

VM Operations (0 events):
No events

Events (0 events):
No events


Dynamic libraries:
0x00007ff7c1f40000 - 0x00007ff7c1f4a000 	C:\Program Files\JetBrains\PyCharm Community Edition 2023.3.4\jbr\bin\java.exe
0x00007ffdeff90000 - 0x00007ffdf01a7000 	C:\WINDOWS\SYSTEM32\ntdll.dll
0x00007ffdeee70000 - 0x00007ffdeef34000 	C:\WINDOWS\System32\KERNEL32.DLL
0x00007ffded420000 - 0x00007ffded7c6000 	C:\WINDOWS\System32\KERNELBASE.dll
0x00007ffded7d0000 - 0x00007ffded8e1000 	C:\WINDOWS\System32\ucrtbase.dll
0x00007ffdd2380000 - 0x00007ffdd2397000 	C:\Program Files\JetBrains\PyCharm Community Edition 2023.3.4\jbr\bin\jli.dll
0x00007ffdeefa0000 - 0x00007ffdef14e000 	C:\WINDOWS\System32\USER32.dll
0x00007ffdedb80000 - 0x00007ffdedba6000 	C:\WINDOWS\System32\win32u.dll
0x00007ffdee010000 - 0x00007ffdee039000 	C:\WINDOWS\System32\GDI32.dll
0x00007ffded8f0000 - 0x00007ffdeda08000 	C:\WINDOWS\System32\gdi32full.dll
0x00007ffded300000 - 0x00007ffded39a000 	C:\WINDOWS\System32\msvcp_win.dll
0x00007ffdd19e0000 - 0x00007ffdd19fb000 	C:\Program Files\JetBrains\PyCharm Community Edition 2023.3.4\jbr\bin\VCRUNTIME140.dll
0x00007ffdd52b0000 - 0x00007ffdd5543000 	C:\WINDOWS\WinSxS\amd64_microsoft.windows.common-controls_6595b64144ccf1df_6.0.22621.2506_none_270c5ae97388e100\COMCTL32.dll
0x00007ffdede60000 - 0x00007ffdedf07000 	C:\WINDOWS\System32\msvcrt.dll
0x00007ffdef290000 - 0x00007ffdef2c1000 	C:\WINDOWS\System32\IMM32.DLL
0x00007ffdd1e00000 - 0x00007ffdd1e0c000 	C:\Program Files\JetBrains\PyCharm Community Edition 2023.3.4\jbr\bin\vcruntime140_1.dll
0x00007ffdd1950000 - 0x00007ffdd19dd000 	C:\Program Files\JetBrains\PyCharm Community Edition 2023.3.4\jbr\bin\msvcp140.dll
0x00007ffd5cf10000 - 0x00007ffd5db93000 	C:\Program Files\JetBrains\PyCharm Community Edition 2023.3.4\jbr\bin\server\jvm.dll
0x00007ffdefc60000 - 0x00007ffdefd11000 	C:\WINDOWS\System32\ADVAPI32.dll
0x00007ffdefbb0000 - 0x00007ffdefc55000 	C:\WINDOWS\System32\sechost.dll
0x00007ffdef170000 - 0x00007ffdef287000 	C:\WINDOWS\System32\RPCRT4.dll
0x00007ffdec110000 - 0x00007ffdec15d000 	C:\WINDOWS\SYSTEM32\POWRPROF.dll
0x00007ffdc80c0000 - 0x00007ffdc80c9000 	C:\WINDOWS\SYSTEM32\WSOCK32.dll
0x00007ffdefe60000 - 0x00007ffdefed1000 	C:\WINDOWS\System32\WS2_32.dll
0x00007ffde3450000 - 0x00007ffde3484000 	C:\WINDOWS\SYSTEM32\WINMM.dll
0x00007ffddab10000 - 0x00007ffddab1a000 	C:\WINDOWS\SYSTEM32\VERSION.dll
0x00007ffdec0f0000 - 0x00007ffdec103000 	C:\WINDOWS\SYSTEM32\UMPDC.dll
0x00007ffdec3b0000 - 0x00007ffdec3c8000 	C:\WINDOWS\SYSTEM32\kernel.appcore.dll
0x00007ffde4cc0000 - 0x00007ffde4cca000 	C:\Program Files\JetBrains\PyCharm Community Edition 2023.3.4\jbr\bin\jimage.dll
0x00007ffde76c0000 - 0x00007ffde78f3000 	C:\WINDOWS\SYSTEM32\DBGHELP.DLL
0x00007ffdee1a0000 - 0x00007ffdee529000 	C:\WINDOWS\System32\combase.dll
0x00007ffdee530000 - 0x00007ffdee607000 	C:\WINDOWS\System32\OLEAUT32.dll
0x00007ffdc06a0000 - 0x00007ffdc06d2000 	C:\WINDOWS\SYSTEM32\dbgcore.DLL
0x00007ffded3a0000 - 0x00007ffded41a000 	C:\WINDOWS\System32\bcryptPrimitives.dll
0x00007ffdd24b0000 - 0x00007ffdd24d5000 	C:\Program Files\JetBrains\PyCharm Community Edition 2023.3.4\jbr\bin\java.dll

dbghelp: loaded successfully - version: 4.0.5 - missing functions: none
symbol engine: initialized successfully - sym options: 0x614 - pdb path: .;C:\Program Files\JetBrains\PyCharm Community Edition 2023.3.4\jbr\bin;C:\WINDOWS\SYSTEM32;C:\WINDOWS\WinSxS\amd64_microsoft.windows.common-controls_6595b64144ccf1df_6.0.22621.2506_none_270c5ae97388e100;C:\Program Files\JetBrains\PyCharm Community Edition 2023.3.4\jbr\bin\server

VM Arguments:
java_command: com.intellij.util.ReadEnv
java_class_path (initial): C:\Program Files\JetBrains\PyCharm Community Edition 2023.3.4\lib\util_rt.jar
Launcher Type: SUN_STANDARD

[Global flags]
     intx CICompilerCount                          = 4                                         {product} {ergonomic}
     uint ConcGCThreads                            = 2                                         {product} {ergonomic}
     uint G1ConcRefinementThreads                  = 8                                         {product} {ergonomic}
   size_t G1HeapRegionSize                         = 2097152                                   {product} {ergonomic}
    uintx GCDrainStackTargetSize                   = 64                                        {product} {ergonomic}
   size_t InitialHeapSize                          = 268435456                                 {product} {ergonomic}
   size_t MarkStackSize                            = 4194304                                   {product} {ergonomic}
   size_t MaxHeapSize                              = 4267704320                                {product} {ergonomic}
   size_t MinHeapDeltaBytes                        = 2097152                                   {product} {ergonomic}
   size_t MinHeapSize                              = 8388608                                   {product} {ergonomic}
    uintx NonNMethodCodeHeapSize                   = 5839372                                {pd product} {ergonomic}
    uintx NonProfiledCodeHeapSize                  = 122909434                              {pd product} {ergonomic}
    uintx ProfiledCodeHeapSize                     = 122909434                              {pd product} {ergonomic}
    uintx ReservedCodeCacheSize                    = 251658240                              {pd product} {ergonomic}
     bool SegmentedCodeCache                       = true                                      {product} {ergonomic}
   size_t SoftMaxHeapSize                          = 4267704320                             {manageable} {ergonomic}
     bool UseCompressedClassPointers               = true                           {product lp64_product} {ergonomic}
     bool UseCompressedOops                        = true                           {product lp64_product} {ergonomic}
     bool UseG1GC                                  = true                                      {product} {ergonomic}
     bool UseLargePagesIndividualAllocation        = false                                  {pd product} {ergonomic}

Logging:
Log output configuration:
 #0: stdout all=warning uptime,level,tags
 #1: stderr all=off uptime,level,tags

Environment Variables:
JAVA_HOME=C:\Program Files\Java\jdk-17\bin
PATH=C:\Users\john\Documents\Developpemnts\react-python\env\Scripts;C:\Program Files\Common Files\Oracle\Java\javapath;C:\WINDOWS\system32;C:\WINDOWS;C:\WINDOWS\System32\Wbem;C:\WINDOWS\System32\WindowsPowerShell\v1.0\;C:\WINDOWS\System32\OpenSSH\;C:\Program Files\Microsoft VS Code\bin;C:\Users\steeves\AppData\Local\Programs\Python\Python310;C:\Users\steeves\AppData\Local\Programs\Python\Python310\Scripts;C:\Program Files\Git\cmd;C:\Program Files (x86)\Intel\Intel(R) Management Engine Components\DAL;C:\Program Files\Intel\Intel(R) Management Engine Components\DAL;C:\Users\john\AppData\Roaming\nvm;C:\Program Files\nodejs;C:\Users\john\AppData\Local\Programs\Python\Python310\Scripts\;C:\Users\john\AppData\Local\Programs\Python\Python310\;C:\Users\john\AppData\Local\Microsoft\WindowsApps;C:\Users\john\AppData\Roaming\nvm;C:\Program Files\nodejs;C:\Users\john\AppData\Local\Programs\Microsoft VS Code\bin
USERNAME=john
OS=Windows_NT
PROCESSOR_IDENTIFIER=Intel64 Family 6 Model 142 Stepping 10, GenuineIntel
TMP=C:\Users\john\AppData\Local\Temp
TEMP=C:\Users\john\AppData\Local\Temp



Periodic native trim disabled

JNI global refs:
JNI global refs: 0, weak refs: 0

JNI global refs memory usage: 0, weak refs: 0

OOME stack traces (most recent first):
Classloader memory used:


---------------  S Y S T E M  ---------------

OS:
 Windows 11 , 64 bit Build 22621 (10.0.22621.2506)
OS uptime: 0 days 10:44 hours
Hyper-V role detected

CPU: total 8 (initial active 8) (4 cores per cpu, 2 threads per core) family 6 model 142 stepping 10 microcode 0xf0, cx8, cmov, fxsr, ht, mmx, 3dnowpref, sse, sse2, sse3, ssse3, sse4.1, sse4.2, popcnt, lzcnt, tsc, tscinvbit, avx, avx2, aes, erms, clmul, bmi1, bmi2, adx, fma, vzeroupper, clflush, clflushopt, hv
Processor Information for all 8 processors :
  Max Mhz: 1992, Current Mhz: 1792, Mhz Limit: 1792

Memory: 4k page, system-wide physical 16275M (7397M free)
TotalPageFile size 65427M (AvailPageFile size 238M)
current process WorkingSet (physical memory assigned to process): 11M, peak: 11M
current process commit charge ("private bytes"): 60M, peak: 316M

vm_info: OpenJDK 64-Bit Server VM (17.0.10+1-b1087.17) for windows-amd64 JRE (17.0.10+1-b1087.17), built on 2024-01-19 by "builduser" with MS VC++ 16.10 / 16.11 (VS2019)

END.
